[2024-10-25 21:15:00] info: Environment variables:
{
  "DB_HOST": "field-hive.cdgykw2u8hxy.us-east-1.rds.amazonaws.com",
  "DB_PORT": "5432",
  "DB_USER": "superdangerbro",
  "DB_NAME": "field_hive_development"
}
[2024-10-25 21:15:00] info: Database config:
{
  "type": "postgres",
  "host": "field-hive.cdgykw2u8hxy.us-east-1.rds.amazonaws.com",
  "port": 5432,
  "username": "superdangerbro",
  "database": "field_hive_development",
  "synchronize": false,
  "logging": true,
  "entities": [
    "src/entities/**/*.ts"
  ],
  "migrations": [
    "src/migrations/**/*.ts"
  ],
  "subscribers": [
    "src/subscribers/**/*.ts"
  ],
  "ssl": {
    "rejectUnauthorized": false
  },
  "extra": {
    "ssl": {
      "rejectUnauthorized": false
    }
  },
  "connectTimeoutMS": 10000,
  "password": "******"
}
[2024-10-25 21:15:00] info: Connecting to database...
[2024-10-25 21:15:00] info: Host:
[2024-10-25 21:15:00] info: Database:
[2024-10-25 21:15:01] info: Database connection established
[2024-10-25 21:15:01] info: Database connection verified:
[2024-10-25 21:15:01] info: WebSocket server started on port 3004
[2024-10-25 21:15:01] info: 🚀 HTTP Server running on port 3001
[2024-10-25 21:15:21] info: Environment variables:
{
  "DB_HOST": "field-hive.cdgykw2u8hxy.us-east-1.rds.amazonaws.com",
  "DB_PORT": "5432",
  "DB_USER": "superdangerbro",
  "DB_NAME": "field_hive_development"
}
[2024-10-25 21:15:21] info: Database config:
{
  "type": "postgres",
  "host": "field-hive.cdgykw2u8hxy.us-east-1.rds.amazonaws.com",
  "port": 5432,
  "username": "superdangerbro",
  "database": "field_hive_development",
  "synchronize": false,
  "logging": true,
  "entities": [
    "src/entities/**/*.ts"
  ],
  "migrations": [
    "src/migrations/**/*.ts"
  ],
  "subscribers": [
    "src/subscribers/**/*.ts"
  ],
  "ssl": {
    "rejectUnauthorized": false
  },
  "extra": {
    "ssl": {
      "rejectUnauthorized": false
    }
  },
  "connectTimeoutMS": 10000,
  "password": "******"
}
[2024-10-25 21:15:21] info: Connecting to database...
[2024-10-25 21:15:21] info: Host:
[2024-10-25 21:15:21] info: Database:
[2024-10-25 21:15:22] info: Database connection established
[2024-10-25 21:15:22] info: Database connection verified:
[2024-10-25 21:15:22] info: WebSocket server started on port 3004
[2024-10-25 21:15:22] info: 🚀 HTTP Server running on port 3001
[2024-10-25 21:15:44] info: Environment variables:
{
  "DB_HOST": "field-hive.cdgykw2u8hxy.us-east-1.rds.amazonaws.com",
  "DB_PORT": "5432",
  "DB_USER": "superdangerbro",
  "DB_NAME": "field_hive_development"
}
[2024-10-25 21:15:44] info: Database config:
{
  "type": "postgres",
  "host": "field-hive.cdgykw2u8hxy.us-east-1.rds.amazonaws.com",
  "port": 5432,
  "username": "superdangerbro",
  "database": "field_hive_development",
  "synchronize": false,
  "logging": true,
  "entities": [
    "src/entities/**/*.ts"
  ],
  "migrations": [
    "src/migrations/**/*.ts"
  ],
  "subscribers": [
    "src/subscribers/**/*.ts"
  ],
  "ssl": {
    "rejectUnauthorized": false
  },
  "extra": {
    "ssl": {
      "rejectUnauthorized": false
    }
  },
  "connectTimeoutMS": 10000,
  "password": "******"
}
[2024-10-25 21:15:44] info: Connecting to database...
[2024-10-25 21:15:44] info: Host:
[2024-10-25 21:15:44] info: Database:
[2024-10-25 21:15:45] info: Database connection established
[2024-10-25 21:15:45] info: Database connection verified:
[2024-10-25 21:15:45] info: WebSocket server started on port 3004
[2024-10-25 21:15:45] info: 🚀 HTTP Server running on port 3001
[2024-10-25 21:25:42] info: 
Checking database connection and schema...

[2024-10-25 21:25:45] info: Current database:
[2024-10-25 21:25:45] info: Existing tables:
[2024-10-25 21:25:45] info: 
Table: accounts
[2024-10-25 21:25:45] info:   account_id uuid
[2024-10-25 21:25:45] info:   name character varying
[2024-10-25 21:25:45] info:   updated_at timestamp without time zone
[2024-10-25 21:25:45] info:   created_at timestamp without time zone
[2024-10-25 21:25:45] info:   is_company boolean
[2024-10-25 21:25:45] info: 
Table: accounts_contacts_join
[2024-10-25 21:25:45] info:   account_id uuid
[2024-10-25 21:25:45] info:   contact_id uuid
[2024-10-25 21:25:45] info: 
Table: ar_internal_metadata
[2024-10-25 21:25:45] info:   updated_at timestamp without time zone
[2024-10-25 21:25:45] info:   value character varying
[2024-10-25 21:25:45] info:   created_at timestamp without time zone
[2024-10-25 21:25:45] info:   key character varying
[2024-10-25 21:25:45] info: 
Table: beaver_trap_types
[2024-10-25 21:25:45] info:   beaver_trap_type character varying
[2024-10-25 21:25:45] info:   beaver_trap_type_id uuid
[2024-10-25 21:25:45] info: 
Table: beaver_traps
[2024-10-25 21:25:45] info:   beaver_trap_id uuid
[2024-10-25 21:25:45] info:   beaver_trap_type uuid
[2024-10-25 21:25:45] info: 
Table: billing_address
[2024-10-25 21:25:45] info:   city character varying
[2024-10-25 21:25:45] info:   account_id uuid
[2024-10-25 21:25:45] info:   address_2 character varying
[2024-10-25 21:25:45] info:   address_1 character varying
[2024-10-25 21:25:45] info:   billing_address_id uuid
[2024-10-25 21:25:45] info:   postal_code character varying
[2024-10-25 21:25:45] info:   country character varying
[2024-10-25 21:25:45] info:   property_id uuid
[2024-10-25 21:25:45] info:   province character varying
[2024-10-25 21:25:45] info: 
Table: contacts
[2024-10-25 21:25:45] info:   user_id uuid
[2024-10-25 21:25:45] info:   contact_id uuid
[2024-10-25 21:25:45] info: 
Table: equipment_inspections
[2024-10-25 21:25:45] info:   status USER-DEFINED
[2024-10-25 21:25:45] info:   image_url text
[2024-10-25 21:25:45] info:   notes character varying
[2024-10-25 21:25:45] info:   barcode character varying
[2024-10-25 21:25:45] info:   inspection_id uuid
[2024-10-25 21:25:45] info:   equipment_id uuid
[2024-10-25 21:25:45] info:   inspected_by uuid
[2024-10-25 21:25:45] info:   created_at timestamp without time zone
[2024-10-25 21:25:45] info:   updated_at timestamp without time zone
[2024-10-25 21:25:45] info: 
Table: equipment_statuses
[2024-10-25 21:25:45] info:   status_id uuid
[2024-10-25 21:25:45] info:   status USER-DEFINED
[2024-10-25 21:25:45] info: 
Table: equipment_types
[2024-10-25 21:25:45] info:   updated_at timestamp without time zone
[2024-10-25 21:25:45] info:   equipment_type character varying
[2024-10-25 21:25:45] info:   created_at timestamp without time zone
[2024-10-25 21:25:45] info:   equipment_type_id uuid
[2024-10-25 21:25:45] info:   description character varying
[2024-10-25 21:25:45] info: 
Table: field_equipment
[2024-10-25 21:25:45] info:   location USER-DEFINED
[2024-10-25 21:25:45] info:   equipment_type uuid
[2024-10-25 21:25:45] info:   created_at timestamp without time zone
[2024-10-25 21:25:45] info:   is_georeferenced boolean
[2024-10-25 21:25:45] info:   job_id uuid
[2024-10-25 21:25:45] info:   updated_at timestamp without time zone
[2024-10-25 21:25:45] info:   equipment_id uuid
[2024-10-25 21:25:45] info:   notes character varying
[2024-10-25 21:25:45] info: 
Table: geography_columns
[2024-10-25 21:25:45] info:   type text
[2024-10-25 21:25:45] info:   coord_dimension integer
[2024-10-25 21:25:45] info:   f_table_schema name
[2024-10-25 21:25:45] info:   f_table_name name
[2024-10-25 21:25:45] info:   srid integer
[2024-10-25 21:25:45] info:   f_geography_column name
[2024-10-25 21:25:45] info:   f_table_catalog name
[2024-10-25 21:25:45] info: 
Table: geometry_columns
[2024-10-25 21:25:45] info:   f_table_name name
[2024-10-25 21:25:45] info:   coord_dimension integer
[2024-10-25 21:25:45] info:   srid integer
[2024-10-25 21:25:45] info:   type character varying
[2024-10-25 21:25:45] info:   f_geometry_column name
[2024-10-25 21:25:45] info:   f_table_catalog character varying
[2024-10-25 21:25:45] info:   f_table_schema name
[2024-10-25 21:25:45] info: 
Table: job_types
[2024-10-25 21:25:45] info:   job_type_id uuid
[2024-10-25 21:25:45] info:   job_name character varying
[2024-10-25 21:25:45] info: 
Table: jobs
[2024-10-25 21:25:45] info:   created_at timestamp without time zone
[2024-10-25 21:25:45] info:   updated_at timestamp without time zone
[2024-10-25 21:25:45] info:   job_type uuid
[2024-10-25 21:25:45] info:   job_id uuid
[2024-10-25 21:25:45] info:   property_id uuid
[2024-10-25 21:25:45] info: 
Table: large_stations
[2024-10-25 21:25:45] info:   target_species uuid
[2024-10-25 21:25:45] info:   large_station_id uuid
[2024-10-25 21:25:45] info: 
Table: migrations
[2024-10-25 21:25:45] info:   id integer
[2024-10-25 21:25:45] info:   timestamp bigint
[2024-10-25 21:25:45] info:   name character varying
[2024-10-25 21:25:45] info: 
Table: properties
[2024-10-25 21:25:45] info:   accounts uuid
[2024-10-25 21:25:45] info:   billing_address uuid
[2024-10-25 21:25:45] info:   service_address uuid
[2024-10-25 21:25:45] info:   updated_at timestamp without time zone
[2024-10-25 21:25:45] info:   created_at timestamp without time zone
[2024-10-25 21:25:45] info:   property_id uuid
[2024-10-25 21:25:45] info: 
Table: properties_accounts_join
[2024-10-25 21:25:45] info:   property_id uuid
[2024-10-25 21:25:45] info:   account_id uuid
[2024-10-25 21:25:45] info: 
Table: rodent_species
[2024-10-25 21:25:45] info:   rodent_species_name character varying
[2024-10-25 21:25:45] info:   rodent_species_id uuid
[2024-10-25 21:25:45] info: 
Table: schema_migrations
[2024-10-25 21:25:45] info:   version character varying
[2024-10-25 21:25:45] info: 
Table: service_address
[2024-10-25 21:25:45] info:   province character varying
[2024-10-25 21:25:45] info:   property_id uuid
[2024-10-25 21:25:45] info:   account_id uuid
[2024-10-25 21:25:45] info:   service_address_id uuid
[2024-10-25 21:25:45] info:   postal_code character varying
[2024-10-25 21:25:45] info:   address_1 character varying
[2024-10-25 21:25:45] info:   address_2 character varying
[2024-10-25 21:25:45] info:   city character varying
[2024-10-25 21:25:45] info:   country character varying
[2024-10-25 21:25:45] info: 
Table: small_station
[2024-10-25 21:25:45] info:   small_station_id uuid
[2024-10-25 21:25:45] info:   target_species uuid
[2024-10-25 21:25:45] info: 
Table: spatial_ref_sys
[2024-10-25 21:25:45] info:   srid integer
[2024-10-25 21:25:45] info:   proj4text character varying
[2024-10-25 21:25:45] info:   srtext character varying
[2024-10-25 21:25:45] info:   auth_srid integer
[2024-10-25 21:25:45] info:   auth_name character varying
[2024-10-25 21:25:45] info: 
Table: typeorm_metadata
[2024-10-25 21:25:45] info:   value text
[2024-10-25 21:25:45] info:   type character varying
[2024-10-25 21:25:45] info:   name character varying
[2024-10-25 21:25:45] info:   schema character varying
[2024-10-25 21:25:45] info: 
Table: user_roles
[2024-10-25 21:25:45] info:   name character varying
[2024-10-25 21:25:45] info:   updated_at timestamp without time zone
[2024-10-25 21:25:45] info:   created_at timestamp without time zone
[2024-10-25 21:25:45] info:   id uuid
[2024-10-25 21:25:45] info: 
Table: users
[2024-10-25 21:25:45] info:   first_name character varying
[2024-10-25 21:25:45] info:   phone character varying
[2024-10-25 21:25:45] info:   email character varying
[2024-10-25 21:25:45] info:   username character varying
[2024-10-25 21:25:45] info:   created_at timestamp without time zone
[2024-10-25 21:25:45] info:   user_role uuid
[2024-10-25 21:25:45] info:   updated_at timestamp without time zone
[2024-10-25 21:25:45] info:   user_id uuid
[2024-10-25 21:25:45] info:   is_contact boolean
[2024-10-25 21:25:45] info:   password_digest character varying
[2024-10-25 21:25:45] info:   last_name character varying
[2024-10-25 21:25:45] info: 
PostGIS Version:
[2024-10-25 21:29:58] info: Environment variables:
{
  "DB_HOST": "field-hive.cdgykw2u8hxy.us-east-1.rds.amazonaws.com",
  "DB_PORT": 5432,
  "DB_USER": "superdangerbro",
  "DB_NAME": "field_hive_development"
}
[2024-10-25 21:29:58] info: Database config:
{
  "host": "field-hive.cdgykw2u8hxy.us-east-1.rds.amazonaws.com",
  "port": 5432,
  "username": "superdangerbro",
  "password": "******",
  "database": "field_hive_development",
  "ssl": {
    "rejectUnauthorized": false
  },
  "pool": {
    "min": 2,
    "max": 10,
    "idleTimeoutMillis": 10000
  }
}
[2024-10-25 21:29:58] info: Connecting to database...
[2024-10-25 21:29:58] info: Host: field-hive.cdgykw2u8hxy.us-east-1.rds.amazonaws.com
[2024-10-25 21:29:58] info: Database: field_hive_development
[2024-10-25 21:29:58] info: Environment variables:
{
  "DB_HOST": "field-hive.cdgykw2u8hxy.us-east-1.rds.amazonaws.com",
  "DB_PORT": 5432,
  "DB_USER": "superdangerbro",
  "DB_NAME": "field_hive_development"
}
[2024-10-25 21:29:58] info: Database config:
{
  "host": "field-hive.cdgykw2u8hxy.us-east-1.rds.amazonaws.com",
  "port": 5432,
  "username": "superdangerbro",
  "password": "******",
  "database": "field_hive_development",
  "ssl": {
    "rejectUnauthorized": false
  },
  "pool": {
    "min": 2,
    "max": 10,
    "idleTimeoutMillis": 10000
  }
}
[2024-10-25 21:29:58] info: Connecting to database...
[2024-10-25 21:29:58] info: Host: field-hive.cdgykw2u8hxy.us-east-1.rds.amazonaws.com
[2024-10-25 21:29:58] info: Database: field_hive_development
[2024-10-25 21:30:00] info: Database connection established
{
  "version": "PostgreSQL 16.3 on aarch64-unknown-linux-gnu, compiled by gcc (GCC) 7.3.1 20180712 (Red Hat 7.3.1-6), 64-bit"
}
[2024-10-25 21:30:00] info: Database connection established
{
  "version": "PostgreSQL 16.3 on aarch64-unknown-linux-gnu, compiled by gcc (GCC) 7.3.1 20180712 (Red Hat 7.3.1-6), 64-bit"
}
[2024-10-25 21:30:00] info: Database connection verified:
[2024-10-25 21:30:00] info: WebSocket server started on port 3004
[2024-10-25 21:30:00] info: 🚀 HTTP Server running on port 3001
[2024-10-25 21:30:00] info: Database connection verified:
[2024-10-25 21:30:19] info: GET /api/accounts
[2024-10-25 21:30:19] info: GET /api/accounts
[2024-10-25 21:30:20] info: GET /api/accounts 200 760ms
[2024-10-25 21:30:30] info: GET /api/accounts
[2024-10-25 21:30:30] info: GET /api/accounts
[2024-10-25 21:30:31] info: GET /api/accounts 200 856ms
[2024-10-25 21:31:19] info: Environment variables:
{
  "DB_HOST": "field-hive.cdgykw2u8hxy.us-east-1.rds.amazonaws.com",
  "DB_PORT": 5432,
  "DB_USER": "superdangerbro",
  "DB_NAME": "field_hive_development"
}
[2024-10-25 21:31:19] info: Database config:
{
  "host": "field-hive.cdgykw2u8hxy.us-east-1.rds.amazonaws.com",
  "port": 5432,
  "username": "superdangerbro",
  "password": "******",
  "database": "field_hive_development",
  "ssl": {
    "rejectUnauthorized": false
  },
  "pool": {
    "min": 2,
    "max": 10,
    "idleTimeoutMillis": 10000
  }
}
[2024-10-25 21:31:19] info: Connecting to database...
[2024-10-25 21:31:19] info: Host: field-hive.cdgykw2u8hxy.us-east-1.rds.amazonaws.com
[2024-10-25 21:31:19] info: Database: field_hive_development
[2024-10-25 21:31:19] info: Environment variables:
{
  "DB_HOST": "field-hive.cdgykw2u8hxy.us-east-1.rds.amazonaws.com",
  "DB_PORT": 5432,
  "DB_USER": "superdangerbro",
  "DB_NAME": "field_hive_development"
}
[2024-10-25 21:31:19] info: Database config:
{
  "host": "field-hive.cdgykw2u8hxy.us-east-1.rds.amazonaws.com",
  "port": 5432,
  "username": "superdangerbro",
  "password": "******",
  "database": "field_hive_development",
  "ssl": {
    "rejectUnauthorized": false
  },
  "pool": {
    "min": 2,
    "max": 10,
    "idleTimeoutMillis": 10000
  }
}
[2024-10-25 21:31:19] info: Connecting to database...
[2024-10-25 21:31:19] info: Host: field-hive.cdgykw2u8hxy.us-east-1.rds.amazonaws.com
[2024-10-25 21:31:19] info: Database: field_hive_development
[2024-10-25 21:31:20] info: Database connection established
{
  "version": "PostgreSQL 16.3 on aarch64-unknown-linux-gnu, compiled by gcc (GCC) 7.3.1 20180712 (Red Hat 7.3.1-6), 64-bit"
}
[2024-10-25 21:31:20] info: Database connection established
{
  "version": "PostgreSQL 16.3 on aarch64-unknown-linux-gnu, compiled by gcc (GCC) 7.3.1 20180712 (Red Hat 7.3.1-6), 64-bit"
}
[2024-10-25 21:31:20] info: Database connection verified:
[2024-10-25 21:31:20] info: WebSocket server started on port 3004
[2024-10-25 21:31:20] info: 🚀 HTTP Server running on port 3001
[2024-10-25 21:31:20] info: Database connection verified:
[2024-10-25 21:31:41] info: GET /api/accounts
[2024-10-25 21:31:41] info: GET /api/accounts
[2024-10-25 21:31:42] info: GET /api/accounts 200 750ms
[2024-10-25 21:31:55] info: POST /api/accounts
[2024-10-25 21:31:55] info: POST /api/accounts
[2024-10-25 21:31:56] error: Error creating account: null value in column "property_id" of relation "billing_address" violates not-null constraint
{
  "query": "\n                INSERT INTO billing_address (\n                    account_id,\n                    address_1,\n                    city,\n                    province,\n                    postal_code,\n                    country\n                ) VALUES ($1, $2, $3, $4, $5, $6)\n            ",
  "parameters": [
    "1689d2da-cc6c-45a0-b473-285ff5260094",
    "123 Main St",
    "Test City",
    "Test State",
    "12345",
    "Test Country"
  ],
  "driverError": {
    "length": 363,
    "name": "error",
    "severity": "ERROR",
    "code": "23502",
    "detail": "Failing row contains (7433682f-7bd1-4107-8f96-df727afcb5ec, 1689d2da-cc6c-45a0-b473-285ff5260094, null, 123 Main St, null, 12345, Test City, Test State, Test Country).",
    "schema": "public",
    "table": "billing_address",
    "column": "property_id",
    "file": "execMain.c",
    "line": "2009",
    "routine": "ExecConstraints"
  },
  "length": 363,
  "severity": "ERROR",
  "code": "23502",
  "detail": "Failing row contains (7433682f-7bd1-4107-8f96-df727afcb5ec, 1689d2da-cc6c-45a0-b473-285ff5260094, null, 123 Main St, null, 12345, Test City, Test State, Test Country).",
  "schema": "public",
  "table": "billing_address",
  "column": "property_id",
  "file": "execMain.c",
  "line": "2009",
  "routine": "ExecConstraints",
  "stack": "QueryFailedError: null value in column \"property_id\" of relation \"billing_address\" violates not-null constraint\n    at PostgresQueryRunner.query (C:\\Users\\dange\\fieldhive 3.0\\node_modules\\.pnpm\\typeorm@0.3.20_pg@8.13.1_ts-node@10.9.2_@types+node@20.17.1_typescript@5.6.3_\\src\\driver\\postgres\\PostgresQueryRunner.ts:331:19)\n    at processTicksAndRejections (node:internal/process/task_queues:95:5)\n    at DataSource.query (C:\\Users\\dange\\fieldhive 3.0\\node_modules\\.pnpm\\typeorm@0.3.20_pg@8.13.1_ts-node@10.9.2_@types+node@20.17.1_typescript@5.6.3_\\src\\data-source\\DataSource.ts:538:20)\n    at C:\\Users\\dange\\fieldhive 3.0\\packages\\api\\src\\routes\\account.routes.ts:145:13"
}
[2024-10-25 21:31:56] info: POST /api/accounts 500 968ms
[2024-10-25 21:32:12] info: Environment variables:
{
  "DB_HOST": "field-hive.cdgykw2u8hxy.us-east-1.rds.amazonaws.com",
  "DB_PORT": 5432,
  "DB_USER": "superdangerbro",
  "DB_NAME": "field_hive_development"
}
[2024-10-25 21:32:12] info: Database config:
{
  "host": "field-hive.cdgykw2u8hxy.us-east-1.rds.amazonaws.com",
  "port": 5432,
  "username": "superdangerbro",
  "password": "******",
  "database": "field_hive_development",
  "ssl": {
    "rejectUnauthorized": false
  },
  "pool": {
    "min": 2,
    "max": 10,
    "idleTimeoutMillis": 10000
  }
}
[2024-10-25 21:32:12] info: Connecting to database...
[2024-10-25 21:32:12] info: Host: field-hive.cdgykw2u8hxy.us-east-1.rds.amazonaws.com
[2024-10-25 21:32:12] info: Database: field_hive_development
[2024-10-25 21:32:12] info: Environment variables:
{
  "DB_HOST": "field-hive.cdgykw2u8hxy.us-east-1.rds.amazonaws.com",
  "DB_PORT": 5432,
  "DB_USER": "superdangerbro",
  "DB_NAME": "field_hive_development"
}
[2024-10-25 21:32:12] info: Database config:
{
  "host": "field-hive.cdgykw2u8hxy.us-east-1.rds.amazonaws.com",
  "port": 5432,
  "username": "superdangerbro",
  "password": "******",
  "database": "field_hive_development",
  "ssl": {
    "rejectUnauthorized": false
  },
  "pool": {
    "min": 2,
    "max": 10,
    "idleTimeoutMillis": 10000
  }
}
[2024-10-25 21:32:12] info: Connecting to database...
[2024-10-25 21:32:12] info: Host: field-hive.cdgykw2u8hxy.us-east-1.rds.amazonaws.com
[2024-10-25 21:32:12] info: Database: field_hive_development
[2024-10-25 21:32:13] info: Database connection established
{
  "version": "PostgreSQL 16.3 on aarch64-unknown-linux-gnu, compiled by gcc (GCC) 7.3.1 20180712 (Red Hat 7.3.1-6), 64-bit"
}
[2024-10-25 21:32:13] info: Database connection established
{
  "version": "PostgreSQL 16.3 on aarch64-unknown-linux-gnu, compiled by gcc (GCC) 7.3.1 20180712 (Red Hat 7.3.1-6), 64-bit"
}
[2024-10-25 21:32:13] info: Database connection verified:
[2024-10-25 21:32:13] info: WebSocket server started on port 3004
[2024-10-25 21:32:13] info: 🚀 HTTP Server running on port 3001
[2024-10-25 21:32:13] info: Database connection verified:
[2024-10-25 21:32:48] info: Environment variables:
{
  "DB_HOST": "field-hive.cdgykw2u8hxy.us-east-1.rds.amazonaws.com",
  "DB_PORT": 5432,
  "DB_USER": "superdangerbro",
  "DB_NAME": "field_hive_development"
}
[2024-10-25 21:32:48] info: Database config:
{
  "host": "field-hive.cdgykw2u8hxy.us-east-1.rds.amazonaws.com",
  "port": 5432,
  "username": "superdangerbro",
  "password": "******",
  "database": "field_hive_development",
  "ssl": {
    "rejectUnauthorized": false
  },
  "pool": {
    "min": 2,
    "max": 10,
    "idleTimeoutMillis": 10000
  }
}
[2024-10-25 21:32:48] info: Connecting to database...
[2024-10-25 21:32:48] info: Host: field-hive.cdgykw2u8hxy.us-east-1.rds.amazonaws.com
[2024-10-25 21:32:48] info: Database: field_hive_development
[2024-10-25 21:32:48] info: Environment variables:
{
  "DB_HOST": "field-hive.cdgykw2u8hxy.us-east-1.rds.amazonaws.com",
  "DB_PORT": 5432,
  "DB_USER": "superdangerbro",
  "DB_NAME": "field_hive_development"
}
[2024-10-25 21:32:48] info: Database config:
{
  "host": "field-hive.cdgykw2u8hxy.us-east-1.rds.amazonaws.com",
  "port": 5432,
  "username": "superdangerbro",
  "password": "******",
  "database": "field_hive_development",
  "ssl": {
    "rejectUnauthorized": false
  },
  "pool": {
    "min": 2,
    "max": 10,
    "idleTimeoutMillis": 10000
  }
}
[2024-10-25 21:32:48] info: Connecting to database...
[2024-10-25 21:32:48] info: Host: field-hive.cdgykw2u8hxy.us-east-1.rds.amazonaws.com
[2024-10-25 21:32:48] info: Database: field_hive_development
[2024-10-25 21:32:49] info: Database connection established
{
  "version": "PostgreSQL 16.3 on aarch64-unknown-linux-gnu, compiled by gcc (GCC) 7.3.1 20180712 (Red Hat 7.3.1-6), 64-bit"
}
[2024-10-25 21:32:49] info: Database connection established
{
  "version": "PostgreSQL 16.3 on aarch64-unknown-linux-gnu, compiled by gcc (GCC) 7.3.1 20180712 (Red Hat 7.3.1-6), 64-bit"
}
[2024-10-25 21:32:49] info: Database connection verified:
[2024-10-25 21:32:49] info: WebSocket server started on port 3004
[2024-10-25 21:32:49] info: 🚀 HTTP Server running on port 3001
[2024-10-25 21:32:49] info: Database connection verified:
[2024-10-25 21:33:02] info: POST /api/accounts
[2024-10-25 21:33:02] info: POST /api/accounts
[2024-10-25 21:33:03] error: Error creating account: null value in column "billing_address" of relation "properties" violates not-null constraint
{
  "query": "\n                INSERT INTO properties (created_at, updated_at)\n                VALUES (NOW(), NOW())\n                RETURNING property_id\n            ",
  "driverError": {
    "length": 328,
    "name": "error",
    "severity": "ERROR",
    "code": "23502",
    "detail": "Failing row contains (9dec97bf-f4f8-4013-9fa3-6cb3cbc02fe1, null, null, null, 2024-10-26 04:33:04.700081, 2024-10-26 04:33:04.700081).",
    "schema": "public",
    "table": "properties",
    "column": "billing_address",
    "file": "execMain.c",
    "line": "2009",
    "routine": "ExecConstraints"
  },
  "length": 328,
  "severity": "ERROR",
  "code": "23502",
  "detail": "Failing row contains (9dec97bf-f4f8-4013-9fa3-6cb3cbc02fe1, null, null, null, 2024-10-26 04:33:04.700081, 2024-10-26 04:33:04.700081).",
  "schema": "public",
  "table": "properties",
  "column": "billing_address",
  "file": "execMain.c",
  "line": "2009",
  "routine": "ExecConstraints",
  "stack": "QueryFailedError: null value in column \"billing_address\" of relation \"properties\" violates not-null constraint\n    at PostgresQueryRunner.query (C:\\Users\\dange\\fieldhive 3.0\\node_modules\\.pnpm\\typeorm@0.3.20_pg@8.13.1_ts-node@10.9.2_@types+node@20.17.1_typescript@5.6.3_\\src\\driver\\postgres\\PostgresQueryRunner.ts:331:19)\n    at processTicksAndRejections (node:internal/process/task_queues:95:5)\n    at DataSource.query (C:\\Users\\dange\\fieldhive 3.0\\node_modules\\.pnpm\\typeorm@0.3.20_pg@8.13.1_ts-node@10.9.2_@types+node@20.17.1_typescript@5.6.3_\\src\\data-source\\DataSource.ts:538:20)\n    at C:\\Users\\dange\\fieldhive 3.0\\packages\\api\\src\\routes\\account.routes.ts:147:32"
}
[2024-10-25 21:33:03] info: POST /api/accounts 500 1043ms
[2024-10-25 21:33:16] info: Environment variables:
{
  "DB_HOST": "field-hive.cdgykw2u8hxy.us-east-1.rds.amazonaws.com",
  "DB_PORT": 5432,
  "DB_USER": "superdangerbro",
  "DB_NAME": "field_hive_development"
}
[2024-10-25 21:33:16] info: Database config:
{
  "host": "field-hive.cdgykw2u8hxy.us-east-1.rds.amazonaws.com",
  "port": 5432,
  "username": "superdangerbro",
  "password": "******",
  "database": "field_hive_development",
  "ssl": {
    "rejectUnauthorized": false
  },
  "pool": {
    "min": 2,
    "max": 10,
    "idleTimeoutMillis": 10000
  }
}
[2024-10-25 21:33:16] info: Connecting to database...
[2024-10-25 21:33:16] info: Host: field-hive.cdgykw2u8hxy.us-east-1.rds.amazonaws.com
[2024-10-25 21:33:16] info: Database: field_hive_development
[2024-10-25 21:33:16] info: Environment variables:
{
  "DB_HOST": "field-hive.cdgykw2u8hxy.us-east-1.rds.amazonaws.com",
  "DB_PORT": 5432,
  "DB_USER": "superdangerbro",
  "DB_NAME": "field_hive_development"
}
[2024-10-25 21:33:16] info: Database config:
{
  "host": "field-hive.cdgykw2u8hxy.us-east-1.rds.amazonaws.com",
  "port": 5432,
  "username": "superdangerbro",
  "password": "******",
  "database": "field_hive_development",
  "ssl": {
    "rejectUnauthorized": false
  },
  "pool": {
    "min": 2,
    "max": 10,
    "idleTimeoutMillis": 10000
  }
}
[2024-10-25 21:33:16] info: Connecting to database...
[2024-10-25 21:33:16] info: Host: field-hive.cdgykw2u8hxy.us-east-1.rds.amazonaws.com
[2024-10-25 21:33:16] info: Database: field_hive_development
[2024-10-25 21:33:17] info: Database connection established
{
  "version": "PostgreSQL 16.3 on aarch64-unknown-linux-gnu, compiled by gcc (GCC) 7.3.1 20180712 (Red Hat 7.3.1-6), 64-bit"
}
[2024-10-25 21:33:17] info: Database connection verified:
[2024-10-25 21:33:17] info: WebSocket server started on port 3004
[2024-10-25 21:33:17] info: 🚀 HTTP Server running on port 3001
[2024-10-25 21:33:17] info: Database connection established
{
  "version": "PostgreSQL 16.3 on aarch64-unknown-linux-gnu, compiled by gcc (GCC) 7.3.1 20180712 (Red Hat 7.3.1-6), 64-bit"
}
[2024-10-25 21:33:17] info: Database connection verified:
[2024-10-25 21:33:49] info: Environment variables:
{
  "DB_HOST": "field-hive.cdgykw2u8hxy.us-east-1.rds.amazonaws.com",
  "DB_PORT": 5432,
  "DB_USER": "superdangerbro",
  "DB_NAME": "field_hive_development"
}
[2024-10-25 21:33:49] info: Database config:
{
  "host": "field-hive.cdgykw2u8hxy.us-east-1.rds.amazonaws.com",
  "port": 5432,
  "username": "superdangerbro",
  "password": "******",
  "database": "field_hive_development",
  "ssl": {
    "rejectUnauthorized": false
  },
  "pool": {
    "min": 2,
    "max": 10,
    "idleTimeoutMillis": 10000
  }
}
[2024-10-25 21:33:49] info: Connecting to database...
[2024-10-25 21:33:49] info: Host: field-hive.cdgykw2u8hxy.us-east-1.rds.amazonaws.com
[2024-10-25 21:33:49] info: Database: field_hive_development
[2024-10-25 21:33:49] info: Environment variables:
{
  "DB_HOST": "field-hive.cdgykw2u8hxy.us-east-1.rds.amazonaws.com",
  "DB_PORT": 5432,
  "DB_USER": "superdangerbro",
  "DB_NAME": "field_hive_development"
}
[2024-10-25 21:33:49] info: Database config:
{
  "host": "field-hive.cdgykw2u8hxy.us-east-1.rds.amazonaws.com",
  "port": 5432,
  "username": "superdangerbro",
  "password": "******",
  "database": "field_hive_development",
  "ssl": {
    "rejectUnauthorized": false
  },
  "pool": {
    "min": 2,
    "max": 10,
    "idleTimeoutMillis": 10000
  }
}
[2024-10-25 21:33:49] info: Connecting to database...
[2024-10-25 21:33:49] info: Host: field-hive.cdgykw2u8hxy.us-east-1.rds.amazonaws.com
[2024-10-25 21:33:49] info: Database: field_hive_development
[2024-10-25 21:33:50] info: Database connection established
{
  "version": "PostgreSQL 16.3 on aarch64-unknown-linux-gnu, compiled by gcc (GCC) 7.3.1 20180712 (Red Hat 7.3.1-6), 64-bit"
}
[2024-10-25 21:33:50] info: Database connection verified:
[2024-10-25 21:33:50] info: WebSocket server started on port 3004
[2024-10-25 21:33:50] info: 🚀 HTTP Server running on port 3001
[2024-10-25 21:33:50] info: Database connection established
{
  "version": "PostgreSQL 16.3 on aarch64-unknown-linux-gnu, compiled by gcc (GCC) 7.3.1 20180712 (Red Hat 7.3.1-6), 64-bit"
}
[2024-10-25 21:33:51] info: Database connection verified:
[2024-10-25 21:34:24] info: POST /api/accounts
[2024-10-25 21:34:24] info: POST /api/accounts
[2024-10-25 21:34:25] error: Error creating account: null value in column "property_id" of relation "billing_address" violates not-null constraint
{
  "query": "\n                INSERT INTO billing_address (\n                    account_id,\n                    address_1,\n                    city,\n                    province,\n                    postal_code,\n                    country\n                ) VALUES ($1, $2, $3, $4, $5, $6)\n            ",
  "parameters": [
    "59b76285-3113-4d88-aa75-8673d513ef5b",
    "123 Main St",
    "Test City",
    "Test State",
    "12345",
    "Test Country"
  ],
  "driverError": {
    "length": 363,
    "name": "error",
    "severity": "ERROR",
    "code": "23502",
    "detail": "Failing row contains (10d0a061-ac62-43ba-ba3c-9b1895e9eef8, 59b76285-3113-4d88-aa75-8673d513ef5b, null, 123 Main St, null, 12345, Test City, Test State, Test Country).",
    "schema": "public",
    "table": "billing_address",
    "column": "property_id",
    "file": "execMain.c",
    "line": "2009",
    "routine": "ExecConstraints"
  },
  "length": 363,
  "severity": "ERROR",
  "code": "23502",
  "detail": "Failing row contains (10d0a061-ac62-43ba-ba3c-9b1895e9eef8, 59b76285-3113-4d88-aa75-8673d513ef5b, null, 123 Main St, null, 12345, Test City, Test State, Test Country).",
  "schema": "public",
  "table": "billing_address",
  "column": "property_id",
  "file": "execMain.c",
  "line": "2009",
  "routine": "ExecConstraints",
  "stack": "QueryFailedError: null value in column \"property_id\" of relation \"billing_address\" violates not-null constraint\n    at PostgresQueryRunner.query (C:\\Users\\dange\\fieldhive 3.0\\node_modules\\.pnpm\\typeorm@0.3.20_pg@8.13.1_ts-node@10.9.2_@types+node@20.17.1_typescript@5.6.3_\\src\\driver\\postgres\\PostgresQueryRunner.ts:331:19)\n    at processTicksAndRejections (node:internal/process/task_queues:95:5)\n    at DataSource.query (C:\\Users\\dange\\fieldhive 3.0\\node_modules\\.pnpm\\typeorm@0.3.20_pg@8.13.1_ts-node@10.9.2_@types+node@20.17.1_typescript@5.6.3_\\src\\data-source\\DataSource.ts:538:20)\n    at C:\\Users\\dange\\fieldhive 3.0\\packages\\api\\src\\routes\\account.routes.ts:146:13"
}
[2024-10-25 21:34:25] info: POST /api/accounts 500 938ms
[2024-10-25 21:35:06] info: 
Checking database connection and schema...

[2024-10-25 21:35:08] info: Current database:
[2024-10-25 21:35:08] info: Existing tables:
[2024-10-25 21:35:08] info: 
Table: accounts
[2024-10-25 21:35:08] info:   account_id uuid
[2024-10-25 21:35:08] info:   name character varying
[2024-10-25 21:35:08] info:   updated_at timestamp without time zone
[2024-10-25 21:35:08] info:   created_at timestamp without time zone
[2024-10-25 21:35:08] info:   is_company boolean
[2024-10-25 21:35:08] info: 
Table: accounts_contacts_join
[2024-10-25 21:35:08] info:   account_id uuid
[2024-10-25 21:35:08] info:   contact_id uuid
[2024-10-25 21:35:08] info: 
Table: ar_internal_metadata
[2024-10-25 21:35:08] info:   updated_at timestamp without time zone
[2024-10-25 21:35:08] info:   value character varying
[2024-10-25 21:35:08] info:   created_at timestamp without time zone
[2024-10-25 21:35:08] info:   key character varying
[2024-10-25 21:35:08] info: 
Table: beaver_trap_types
[2024-10-25 21:35:08] info:   beaver_trap_type character varying
[2024-10-25 21:35:08] info:   beaver_trap_type_id uuid
[2024-10-25 21:35:08] info: 
Table: beaver_traps
[2024-10-25 21:35:08] info:   beaver_trap_id uuid
[2024-10-25 21:35:08] info:   beaver_trap_type uuid
[2024-10-25 21:35:08] info: 
Table: billing_address
[2024-10-25 21:35:08] info:   city character varying
[2024-10-25 21:35:08] info:   account_id uuid
[2024-10-25 21:35:08] info:   address_2 character varying
[2024-10-25 21:35:08] info:   address_1 character varying
[2024-10-25 21:35:08] info:   billing_address_id uuid
[2024-10-25 21:35:08] info:   postal_code character varying
[2024-10-25 21:35:08] info:   country character varying
[2024-10-25 21:35:08] info:   property_id uuid
[2024-10-25 21:35:08] info:   province character varying
[2024-10-25 21:35:08] info: 
Table: contacts
[2024-10-25 21:35:08] info:   user_id uuid
[2024-10-25 21:35:08] info:   contact_id uuid
[2024-10-25 21:35:08] info: 
Table: equipment_inspections
[2024-10-25 21:35:08] info:   status USER-DEFINED
[2024-10-25 21:35:08] info:   image_url text
[2024-10-25 21:35:08] info:   notes character varying
[2024-10-25 21:35:08] info:   barcode character varying
[2024-10-25 21:35:08] info:   inspection_id uuid
[2024-10-25 21:35:08] info:   equipment_id uuid
[2024-10-25 21:35:08] info:   inspected_by uuid
[2024-10-25 21:35:08] info:   created_at timestamp without time zone
[2024-10-25 21:35:08] info:   updated_at timestamp without time zone
[2024-10-25 21:35:08] info: 
Table: equipment_statuses
[2024-10-25 21:35:08] info:   status_id uuid
[2024-10-25 21:35:08] info:   status USER-DEFINED
[2024-10-25 21:35:08] info: 
Table: equipment_types
[2024-10-25 21:35:08] info:   updated_at timestamp without time zone
[2024-10-25 21:35:08] info:   equipment_type character varying
[2024-10-25 21:35:08] info:   created_at timestamp without time zone
[2024-10-25 21:35:08] info:   equipment_type_id uuid
[2024-10-25 21:35:08] info:   description character varying
[2024-10-25 21:35:08] info: 
Table: field_equipment
[2024-10-25 21:35:08] info:   location USER-DEFINED
[2024-10-25 21:35:08] info:   equipment_type uuid
[2024-10-25 21:35:08] info:   created_at timestamp without time zone
[2024-10-25 21:35:08] info:   is_georeferenced boolean
[2024-10-25 21:35:08] info:   job_id uuid
[2024-10-25 21:35:08] info:   updated_at timestamp without time zone
[2024-10-25 21:35:08] info:   equipment_id uuid
[2024-10-25 21:35:08] info:   notes character varying
[2024-10-25 21:35:08] info: 
Table: geography_columns
[2024-10-25 21:35:08] info:   type text
[2024-10-25 21:35:08] info:   coord_dimension integer
[2024-10-25 21:35:08] info:   f_table_schema name
[2024-10-25 21:35:08] info:   f_table_name name
[2024-10-25 21:35:08] info:   srid integer
[2024-10-25 21:35:08] info:   f_geography_column name
[2024-10-25 21:35:08] info:   f_table_catalog name
[2024-10-25 21:35:08] info: 
Table: geometry_columns
[2024-10-25 21:35:08] info:   f_table_name name
[2024-10-25 21:35:08] info:   coord_dimension integer
[2024-10-25 21:35:08] info:   srid integer
[2024-10-25 21:35:08] info:   type character varying
[2024-10-25 21:35:08] info:   f_geometry_column name
[2024-10-25 21:35:08] info:   f_table_catalog character varying
[2024-10-25 21:35:08] info:   f_table_schema name
[2024-10-25 21:35:08] info: 
Table: job_types
[2024-10-25 21:35:08] info:   job_type_id uuid
[2024-10-25 21:35:08] info:   job_name character varying
[2024-10-25 21:35:08] info: 
Table: jobs
[2024-10-25 21:35:08] info:   created_at timestamp without time zone
[2024-10-25 21:35:08] info:   updated_at timestamp without time zone
[2024-10-25 21:35:08] info:   job_type uuid
[2024-10-25 21:35:08] info:   job_id uuid
[2024-10-25 21:35:08] info:   property_id uuid
[2024-10-25 21:35:08] info: 
Table: large_stations
[2024-10-25 21:35:08] info:   target_species uuid
[2024-10-25 21:35:08] info:   large_station_id uuid
[2024-10-25 21:35:08] info: 
Table: migrations
[2024-10-25 21:35:08] info:   id integer
[2024-10-25 21:35:08] info:   timestamp bigint
[2024-10-25 21:35:08] info:   name character varying
[2024-10-25 21:35:08] info: 
Table: properties
[2024-10-25 21:35:08] info:   accounts uuid
[2024-10-25 21:35:08] info:   billing_address uuid
[2024-10-25 21:35:08] info:   service_address uuid
[2024-10-25 21:35:08] info:   updated_at timestamp without time zone
[2024-10-25 21:35:08] info:   created_at timestamp without time zone
[2024-10-25 21:35:08] info:   property_id uuid
[2024-10-25 21:35:08] info: 
Table: properties_accounts_join
[2024-10-25 21:35:08] info:   property_id uuid
[2024-10-25 21:35:08] info:   account_id uuid
[2024-10-25 21:35:08] info: 
Table: rodent_species
[2024-10-25 21:35:08] info:   rodent_species_name character varying
[2024-10-25 21:35:08] info:   rodent_species_id uuid
[2024-10-25 21:35:08] info: 
Table: schema_migrations
[2024-10-25 21:35:08] info:   version character varying
[2024-10-25 21:35:08] info: 
Table: service_address
[2024-10-25 21:35:08] info:   province character varying
[2024-10-25 21:35:08] info:   property_id uuid
[2024-10-25 21:35:08] info:   account_id uuid
[2024-10-25 21:35:08] info:   service_address_id uuid
[2024-10-25 21:35:08] info:   postal_code character varying
[2024-10-25 21:35:08] info:   address_1 character varying
[2024-10-25 21:35:08] info:   address_2 character varying
[2024-10-25 21:35:08] info:   city character varying
[2024-10-25 21:35:08] info:   country character varying
[2024-10-25 21:35:08] info: 
Table: small_station
[2024-10-25 21:35:08] info:   small_station_id uuid
[2024-10-25 21:35:08] info:   target_species uuid
[2024-10-25 21:35:08] info: 
Table: spatial_ref_sys
[2024-10-25 21:35:08] info:   srid integer
[2024-10-25 21:35:08] info:   proj4text character varying
[2024-10-25 21:35:08] info:   srtext character varying
[2024-10-25 21:35:08] info:   auth_srid integer
[2024-10-25 21:35:08] info:   auth_name character varying
[2024-10-25 21:35:08] info: 
Table: typeorm_metadata
[2024-10-25 21:35:08] info:   value text
[2024-10-25 21:35:08] info:   type character varying
[2024-10-25 21:35:08] info:   name character varying
[2024-10-25 21:35:08] info:   schema character varying
[2024-10-25 21:35:08] info: 
Table: user_roles
[2024-10-25 21:35:08] info:   name character varying
[2024-10-25 21:35:08] info:   updated_at timestamp without time zone
[2024-10-25 21:35:08] info:   created_at timestamp without time zone
[2024-10-25 21:35:08] info:   id uuid
[2024-10-25 21:35:08] info: 
Table: users
[2024-10-25 21:35:08] info:   first_name character varying
[2024-10-25 21:35:08] info:   phone character varying
[2024-10-25 21:35:08] info:   email character varying
[2024-10-25 21:35:08] info:   username character varying
[2024-10-25 21:35:08] info:   created_at timestamp without time zone
[2024-10-25 21:35:08] info:   user_role uuid
[2024-10-25 21:35:08] info:   updated_at timestamp without time zone
[2024-10-25 21:35:08] info:   user_id uuid
[2024-10-25 21:35:08] info:   is_contact boolean
[2024-10-25 21:35:08] info:   password_digest character varying
[2024-10-25 21:35:08] info:   last_name character varying
[2024-10-25 21:35:08] info: 
PostGIS Version:
[2024-10-25 21:36:26] info: Environment variables:
{
  "DB_HOST": "field-hive.cdgykw2u8hxy.us-east-1.rds.amazonaws.com",
  "DB_PORT": 5432,
  "DB_USER": "superdangerbro",
  "DB_NAME": "field_hive_development"
}
[2024-10-25 21:36:26] info: Database config:
{
  "host": "field-hive.cdgykw2u8hxy.us-east-1.rds.amazonaws.com",
  "port": 5432,
  "username": "superdangerbro",
  "password": "******",
  "database": "field_hive_development",
  "ssl": {
    "rejectUnauthorized": false
  },
  "pool": {
    "min": 2,
    "max": 10,
    "idleTimeoutMillis": 10000
  }
}
[2024-10-25 21:36:26] info: Connecting to database...
[2024-10-25 21:36:26] info: Host: field-hive.cdgykw2u8hxy.us-east-1.rds.amazonaws.com
[2024-10-25 21:36:26] info: Database: field_hive_development
[2024-10-25 21:36:26] info: Environment variables:
{
  "DB_HOST": "field-hive.cdgykw2u8hxy.us-east-1.rds.amazonaws.com",
  "DB_PORT": 5432,
  "DB_USER": "superdangerbro",
  "DB_NAME": "field_hive_development"
}
[2024-10-25 21:36:26] info: Database config:
{
  "host": "field-hive.cdgykw2u8hxy.us-east-1.rds.amazonaws.com",
  "port": 5432,
  "username": "superdangerbro",
  "password": "******",
  "database": "field_hive_development",
  "ssl": {
    "rejectUnauthorized": false
  },
  "pool": {
    "min": 2,
    "max": 10,
    "idleTimeoutMillis": 10000
  }
}
[2024-10-25 21:36:26] info: Connecting to database...
[2024-10-25 21:36:26] info: Host: field-hive.cdgykw2u8hxy.us-east-1.rds.amazonaws.com
[2024-10-25 21:36:26] info: Database: field_hive_development
[2024-10-25 21:36:27] info: Database connection established
{
  "version": "PostgreSQL 16.3 on aarch64-unknown-linux-gnu, compiled by gcc (GCC) 7.3.1 20180712 (Red Hat 7.3.1-6), 64-bit"
}
[2024-10-25 21:36:27] info: Database connection established
{
  "version": "PostgreSQL 16.3 on aarch64-unknown-linux-gnu, compiled by gcc (GCC) 7.3.1 20180712 (Red Hat 7.3.1-6), 64-bit"
}
[2024-10-25 21:36:27] info: Database connection verified:
[2024-10-25 21:36:27] info: WebSocket server started on port 3004
[2024-10-25 21:36:27] info: 🚀 HTTP Server running on port 3001
[2024-10-25 21:36:27] info: Database connection verified:
[2024-10-25 21:37:22] info: POST /api/accounts
[2024-10-25 21:37:22] info: POST /api/accounts
[2024-10-25 21:37:23] error: Error creating account: null value in column "billing_address" of relation "properties" violates not-null constraint
{
  "query": "\n                INSERT INTO properties (created_at, updated_at)\n                VALUES (NOW(), NOW())\n                RETURNING property_id\n            ",
  "driverError": {
    "length": 328,
    "name": "error",
    "severity": "ERROR",
    "code": "23502",
    "detail": "Failing row contains (5c6b3f07-86fd-4c5d-a9bf-ed97889eaea8, null, null, null, 2024-10-26 04:37:24.427912, 2024-10-26 04:37:24.427912).",
    "schema": "public",
    "table": "properties",
    "column": "billing_address",
    "file": "execMain.c",
    "line": "2009",
    "routine": "ExecConstraints"
  },
  "length": 328,
  "severity": "ERROR",
  "code": "23502",
  "detail": "Failing row contains (5c6b3f07-86fd-4c5d-a9bf-ed97889eaea8, null, null, null, 2024-10-26 04:37:24.427912, 2024-10-26 04:37:24.427912).",
  "schema": "public",
  "table": "properties",
  "column": "billing_address",
  "file": "execMain.c",
  "line": "2009",
  "routine": "ExecConstraints",
  "stack": "QueryFailedError: null value in column \"billing_address\" of relation \"properties\" violates not-null constraint\n    at PostgresQueryRunner.query (C:\\Users\\dange\\fieldhive 3.0\\node_modules\\.pnpm\\typeorm@0.3.20_pg@8.13.1_ts-node@10.9.2_@types+node@20.17.1_typescript@5.6.3_\\src\\driver\\postgres\\PostgresQueryRunner.ts:331:19)\n    at processTicksAndRejections (node:internal/process/task_queues:95:5)\n    at DataSource.query (C:\\Users\\dange\\fieldhive 3.0\\node_modules\\.pnpm\\typeorm@0.3.20_pg@8.13.1_ts-node@10.9.2_@types+node@20.17.1_typescript@5.6.3_\\src\\data-source\\DataSource.ts:538:20)\n    at C:\\Users\\dange\\fieldhive 3.0\\packages\\api\\src\\routes\\account.routes.ts:149:32"
}
[2024-10-25 21:37:23] info: POST /api/accounts 500 1004ms
[2024-10-25 21:38:18] info: Environment variables:
{
  "DB_HOST": "field-hive.cdgykw2u8hxy.us-east-1.rds.amazonaws.com",
  "DB_PORT": 5432,
  "DB_USER": "superdangerbro",
  "DB_NAME": "field_hive_development"
}
[2024-10-25 21:38:18] info: Database config:
{
  "host": "field-hive.cdgykw2u8hxy.us-east-1.rds.amazonaws.com",
  "port": 5432,
  "username": "superdangerbro",
  "password": "******",
  "database": "field_hive_development",
  "ssl": {
    "rejectUnauthorized": false
  },
  "pool": {
    "min": 2,
    "max": 10,
    "idleTimeoutMillis": 10000
  }
}
[2024-10-25 21:38:18] info: Connecting to database...
[2024-10-25 21:38:18] info: Host: field-hive.cdgykw2u8hxy.us-east-1.rds.amazonaws.com
[2024-10-25 21:38:18] info: Database: field_hive_development
[2024-10-25 21:38:18] info: Environment variables:
{
  "DB_HOST": "field-hive.cdgykw2u8hxy.us-east-1.rds.amazonaws.com",
  "DB_PORT": 5432,
  "DB_USER": "superdangerbro",
  "DB_NAME": "field_hive_development"
}
[2024-10-25 21:38:18] info: Database config:
{
  "host": "field-hive.cdgykw2u8hxy.us-east-1.rds.amazonaws.com",
  "port": 5432,
  "username": "superdangerbro",
  "password": "******",
  "database": "field_hive_development",
  "ssl": {
    "rejectUnauthorized": false
  },
  "pool": {
    "min": 2,
    "max": 10,
    "idleTimeoutMillis": 10000
  }
}
[2024-10-25 21:38:18] info: Connecting to database...
[2024-10-25 21:38:18] info: Host: field-hive.cdgykw2u8hxy.us-east-1.rds.amazonaws.com
[2024-10-25 21:38:18] info: Database: field_hive_development
[2024-10-25 21:38:19] info: Database connection established
{
  "version": "PostgreSQL 16.3 on aarch64-unknown-linux-gnu, compiled by gcc (GCC) 7.3.1 20180712 (Red Hat 7.3.1-6), 64-bit"
}
[2024-10-25 21:38:19] info: Database connection verified:
[2024-10-25 21:38:19] info: WebSocket server started on port 3004
[2024-10-25 21:38:19] info: 🚀 HTTP Server running on port 3001
[2024-10-25 21:38:19] info: Database connection established
{
  "version": "PostgreSQL 16.3 on aarch64-unknown-linux-gnu, compiled by gcc (GCC) 7.3.1 20180712 (Red Hat 7.3.1-6), 64-bit"
}
[2024-10-25 21:38:19] info: Database connection verified:
[2024-10-25 21:38:28] info: POST /api/accounts
[2024-10-25 21:38:28] info: POST /api/accounts
[2024-10-25 21:38:29] error: Error creating account: null value in column "property_id" of relation "billing_address" violates not-null constraint
{
  "query": "\n                INSERT INTO billing_address (\n                    account_id,\n                    address_1,\n                    city,\n                    province,\n                    postal_code,\n                    country\n                ) VALUES ($1, $2, $3, $4, $5, $6)\n                RETURNING billing_address_id\n            ",
  "parameters": [
    "68fd3eef-9f69-4fe9-a951-d9c540915425",
    "123 Main St",
    "Test City",
    "Test State",
    "12345",
    "Test Country"
  ],
  "driverError": {
    "length": 363,
    "name": "error",
    "severity": "ERROR",
    "code": "23502",
    "detail": "Failing row contains (c60e2ff7-373f-4b02-9c52-8e76535f9a76, 68fd3eef-9f69-4fe9-a951-d9c540915425, null, 123 Main St, null, 12345, Test City, Test State, Test Country).",
    "schema": "public",
    "table": "billing_address",
    "column": "property_id",
    "file": "execMain.c",
    "line": "2009",
    "routine": "ExecConstraints"
  },
  "length": 363,
  "severity": "ERROR",
  "code": "23502",
  "detail": "Failing row contains (c60e2ff7-373f-4b02-9c52-8e76535f9a76, 68fd3eef-9f69-4fe9-a951-d9c540915425, null, 123 Main St, null, 12345, Test City, Test State, Test Country).",
  "schema": "public",
  "table": "billing_address",
  "column": "property_id",
  "file": "execMain.c",
  "line": "2009",
  "routine": "ExecConstraints",
  "stack": "QueryFailedError: null value in column \"property_id\" of relation \"billing_address\" violates not-null constraint\n    at PostgresQueryRunner.query (C:\\Users\\dange\\fieldhive 3.0\\node_modules\\.pnpm\\typeorm@0.3.20_pg@8.13.1_ts-node@10.9.2_@types+node@20.17.1_typescript@5.6.3_\\src\\driver\\postgres\\PostgresQueryRunner.ts:331:19)\n    at processTicksAndRejections (node:internal/process/task_queues:95:5)\n    at DataSource.query (C:\\Users\\dange\\fieldhive 3.0\\node_modules\\.pnpm\\typeorm@0.3.20_pg@8.13.1_ts-node@10.9.2_@types+node@20.17.1_typescript@5.6.3_\\src\\data-source\\DataSource.ts:538:20)\n    at C:\\Users\\dange\\fieldhive 3.0\\packages\\api\\src\\routes\\account.routes.ts:149:44"
}
[2024-10-25 21:38:29] info: POST /api/accounts 500 372ms
[2024-10-25 21:42:47] info: Environment variables:
{
  "DB_HOST": "field-hive.cdgykw2u8hxy.us-east-1.rds.amazonaws.com",
  "DB_PORT": 5432,
  "DB_USER": "superdangerbro",
  "DB_NAME": "field_hive_development"
}
[2024-10-25 21:42:47] info: Database config:
{
  "host": "field-hive.cdgykw2u8hxy.us-east-1.rds.amazonaws.com",
  "port": 5432,
  "username": "superdangerbro",
  "password": "******",
  "database": "field_hive_development",
  "ssl": {
    "rejectUnauthorized": false
  },
  "pool": {
    "min": 2,
    "max": 10,
    "idleTimeoutMillis": 10000
  }
}
[2024-10-25 21:42:47] info: Connecting to database...
[2024-10-25 21:42:47] info: Host: field-hive.cdgykw2u8hxy.us-east-1.rds.amazonaws.com
[2024-10-25 21:42:47] info: Database: field_hive_development
[2024-10-25 21:42:47] info: Environment variables:
{
  "DB_HOST": "field-hive.cdgykw2u8hxy.us-east-1.rds.amazonaws.com",
  "DB_PORT": 5432,
  "DB_USER": "superdangerbro",
  "DB_NAME": "field_hive_development"
}
[2024-10-25 21:42:47] info: Database config:
{
  "host": "field-hive.cdgykw2u8hxy.us-east-1.rds.amazonaws.com",
  "port": 5432,
  "username": "superdangerbro",
  "password": "******",
  "database": "field_hive_development",
  "ssl": {
    "rejectUnauthorized": false
  },
  "pool": {
    "min": 2,
    "max": 10,
    "idleTimeoutMillis": 10000
  }
}
[2024-10-25 21:42:47] info: Connecting to database...
[2024-10-25 21:42:47] info: Host: field-hive.cdgykw2u8hxy.us-east-1.rds.amazonaws.com
[2024-10-25 21:42:47] info: Database: field_hive_development
[2024-10-25 21:42:48] info: Database connection established
{
  "version": "PostgreSQL 16.3 on aarch64-unknown-linux-gnu, compiled by gcc (GCC) 7.3.1 20180712 (Red Hat 7.3.1-6), 64-bit"
}
[2024-10-25 21:42:48] info: Database connection established
{
  "version": "PostgreSQL 16.3 on aarch64-unknown-linux-gnu, compiled by gcc (GCC) 7.3.1 20180712 (Red Hat 7.3.1-6), 64-bit"
}
[2024-10-25 21:42:48] info: Database connection verified:
[2024-10-25 21:42:48] info: WebSocket server started on port 3004
[2024-10-25 21:42:48] info: 🚀 HTTP Server running on port 3001
[2024-10-25 21:42:48] info: Database connection verified:
[2024-10-25 21:43:28] info: POST /api/accounts
[2024-10-25 21:43:28] info: POST /api/accounts
[2024-10-25 21:43:29] info: POST /api/accounts 201 941ms
[2024-10-25 21:43:36] info: GET /api/accounts/39f407d5-f392-48c3-ab68-a90b85a44bf6
[2024-10-25 21:43:36] info: GET /api/accounts/39f407d5-f392-48c3-ab68-a90b85a44bf6
[2024-10-25 21:43:37] info: GET /api/accounts/39f407d5-f392-48c3-ab68-a90b85a44bf6 200 95ms
